Build started 6.4.2018 16:07:43.
     1>Project "C:\Users\markushyv\Documents\SFML-Online-Pong\Pong-Server\Pong-Server\Pong-Server.vcxproj" on node 2 (Build target(s)).
     1>ClCompile:
         C:\Program Files (x86)\Microsoft Visual Studio 12.0\VC\bin\CL.exe /c /I"C:\Users\markushyv\Documents\SFML-Online-Pong\Pong-Server\..\SFML-2.4.1\include" /Zi /nologo /W3 /WX- /sdl /O2 /Oi /Oy- /GL /D WIN32 /D NDEBUG /D _CONSOLE /D _LIB /D _UNICODE /D UNICODE /Gm- /EHsc /MD /GS /Gy /fp:precise /Zc:wchar_t /Zc:forScope /Fo"Release\\" /Fd"Release\vc120.pdb" /Gd /TP /analyze- /errorReport:prompt GameSimulation.cpp
         GameSimulation.cpp
     1>GameSimulation.cpp(103): warning C4018: '<' : signed/unsigned mismatch
     1>GameSimulation.cpp(277): warning C4018: '<' : signed/unsigned mismatch
     1>GameSimulation.cpp(297): warning C4244: 'argument' : conversion from 'int' to 'float', possible loss of data
       Link:
         C:\Program Files (x86)\Microsoft Visual Studio 12.0\VC\bin\link.exe /ERRORREPORT:PROMPT /OUT:"C:\Users\markushyv\Documents\SFML-Online-Pong\Pong-Server\Release\Pong-Server.exe" /INCREMENTAL:NO /NOLOGO /LIBPATH:"C:\Users\markushyv\Documents\SFML-Online-Pong\Pong-Server\..\SFML-2.4.1\lib" "sfml-graphics.lib" "sfml-window.lib" "sfml-network.lib" "sfml-system.lib" kernel32.lib user32.lib gdi32.lib winspool.lib comdlg32.lib advapi32.lib shell32.lib ole32.lib oleaut32.lib uuid.lib odbc32.lib odbccp32.lib /MANIFEST /MANIFESTUAC:"level='asInvoker' uiAccess='false'" /manifest:embed /DEBUG /PDB:"C:\Users\markushyv\Documents\SFML-Online-Pong\Pong-Server\Release\Pong-Server.pdb" /SUBSYSTEM:CONSOLE /OPT:REF /OPT:ICF /LTCG /TLBID:1 /DYNAMICBASE /NXCOMPAT /IMPLIB:"C:\Users\markushyv\Documents\SFML-Online-Pong\Pong-Server\Release\Pong-Server.lib" /MACHINE:X86 /SAFESEH Release\GameSimulation.obj
         Release\main.obj
         Release\GameRenderer.obj
         Release\Room.obj
         Release\Server.obj
         Generating code
         Finished generating code
         Pong-Server.vcxproj -> C:\Users\markushyv\Documents\SFML-Online-Pong\Pong-Server\Release\Pong-Server.exe
     1>Done Building Project "C:\Users\markushyv\Documents\SFML-Online-Pong\Pong-Server\Pong-Server\Pong-Server.vcxproj" (Build target(s)).

Build succeeded.

Time Elapsed 00:00:01.65
